Determining if the pthread_create exist failed with the following output:
Change Dir: /media/sf_GitHub/csc415-p4-joebinalinbing/cmake-build-debug/CMakeFiles/CMakeTmp

Run Build Command:"/usr/bin/make" "cmTC_a3402/fast"
make: Warning: File 'Makefile' has modification time 1.5 s in the future
/usr/bin/make -f CMakeFiles/cmTC_a3402.dir/build.make CMakeFiles/cmTC_a3402.dir/build
make[1]: Entering directory '/media/sf_GitHub/csc415-p4-joebinalinbing/cmake-build-debug/CMakeFiles/CMakeTmp'
make[1]: Warning: File 'CMakeFiles/cmTC_a3402.dir/flags.make' has modification time 1.5 s in the future
Building C object CMakeFiles/cmTC_a3402.dir/CheckSymbolExists.c.o
/usr/bin/cc    -o CMakeFiles/cmTC_a3402.dir/CheckSymbolExists.c.o   -c /media/sf_GitHub/csc415-p4-joebinalinbing/cmake-build-debug/CMakeFiles/CMakeTmp/CheckSymbolExists.c
Linking C executable cmTC_a3402
/opt/clion/bin/cmake/linux/bin/cmake -E cmake_link_script CMakeFiles/cmTC_a3402.dir/link.txt --verbose=1
/usr/bin/cc      -rdynamic CMakeFiles/cmTC_a3402.dir/CheckSymbolExists.c.o  -o cmTC_a3402 
CMakeFiles/cmTC_a3402.dir/CheckSymbolExists.c.o: In function `main':
CheckSymbolExists.c:(.text+0x1b): undefined reference to `pthread_create'
collect2: error: ld returned 1 exit status
CMakeFiles/cmTC_a3402.dir/build.make:86: recipe for target 'cmTC_a3402' failed
make[1]: *** [cmTC_a3402] Error 1
make[1]: Leaving directory '/media/sf_GitHub/csc415-p4-joebinalinbing/cmake-build-debug/CMakeFiles/CMakeTmp'
Makefile:121: recipe for target 'cmTC_a3402/fast' failed
make: *** [cmTC_a3402/fast] Error 2

File /media/sf_GitHub/csc415-p4-joebinalinbing/cmake-build-debug/CMakeFiles/CMakeTmp/CheckSymbolExists.c:
/* */
#include <pthread.h>

int main(int argc, char** argv)
{
  (void)argv;
#ifndef pthread_create
  return ((int*)(&pthread_create))[argc];
#else
  (void)argc;
  return 0;
#endif
}

Determining if the function pthread_create exists in the pthreads failed with the following output:
Change Dir: /media/sf_GitHub/csc415-p4-joebinalinbing/cmake-build-debug/CMakeFiles/CMakeTmp

Run Build Command:"/usr/bin/make" "cmTC_b3d13/fast"
make: Warning: File 'Makefile' has modification time 1.5 s in the future
/usr/bin/make -f CMakeFiles/cmTC_b3d13.dir/build.make CMakeFiles/cmTC_b3d13.dir/build
make[1]: Entering directory '/media/sf_GitHub/csc415-p4-joebinalinbing/cmake-build-debug/CMakeFiles/CMakeTmp'
make[1]: Warning: File 'CMakeFiles/cmTC_b3d13.dir/flags.make' has modification time 1.5 s in the future
Building C object CMakeFiles/cmTC_b3d13.dir/CheckFunctionExists.c.o
/usr/bin/cc   -DCHECK_FUNCTION_EXISTS=pthread_create   -o CMakeFiles/cmTC_b3d13.dir/CheckFunctionExists.c.o   -c /opt/clion/bin/cmake/linux/share/cmake-3.13/Modules/CheckFunctionExists.c
Linking C executable cmTC_b3d13
/opt/clion/bin/cmake/linux/bin/cmake -E cmake_link_script CMakeFiles/cmTC_b3d13.dir/link.txt --verbose=1
/usr/bin/cc  -DCHECK_FUNCTION_EXISTS=pthread_create    -rdynamic CMakeFiles/cmTC_b3d13.dir/CheckFunctionExists.c.o  -o cmTC_b3d13 -lpthreads 
/usr/bin/ld: cannot find -lpthreads
collect2: error: ld returned 1 exit status
CMakeFiles/cmTC_b3d13.dir/build.make:86: recipe for target 'cmTC_b3d13' failed
make[1]: *** [cmTC_b3d13] Error 1
make[1]: Leaving directory '/media/sf_GitHub/csc415-p4-joebinalinbing/cmake-build-debug/CMakeFiles/CMakeTmp'
Makefile:121: recipe for target 'cmTC_b3d13/fast' failed
make: *** [cmTC_b3d13/fast] Error 2


